<?xml version="1.0" encoding="UTF-8"?>
<!-- Generated by org.testng.reporters.JUnitReportReporter -->
<testsuite skipped="0" hostname="DESKTOP-VAGFE70" name="Salesforce.TestCases.LoginTests" tests="5" failures="0" timestamp="2023-04-06T21:23:09 EDT" time="43.052" errors="0">
  <testcase name="TC3checkRememberMe" time="11.715" classname="Salesforce.TestCases.LoginTests"/>
  <system-out/>
  <testcase name="TC2validUsernamePaswword" time="6.734" classname="Salesforce.TestCases.LoginTests"/>
  <system-out/>
  <testcase name="TC4Atestforgotpassword" time="8.096" classname="Salesforce.TestCases.LoginTests"/>
  <system-out/>
  <testcase name="TC4Binvalidusernamepassword" time="4.936" classname="Salesforce.TestCases.LoginTests"/>
  <system-out/>
  <testcase name="TC1LoginErrorMsg" time="11.571" classname="Salesforce.TestCases.LoginTests"/>
  <system-out/>
</testsuite> <!-- Salesforce.TestCases.LoginTests -->
