<?xml version="1.0" encoding="UTF-8"?>
<!-- Generated by org.testng.reporters.JUnitReportReporter -->
<testsuite skipped="0" hostname="DESKTOP-VAGFE70" name="Salesforce.TestCases.RandomTests" tests="5" failures="0" timestamp="2023-04-06T20:52:35 EDT" time="129.641" errors="0">
  <testcase name="TC35" time="28.756" classname="Salesforce.TestCases.RandomTests"/>
  <system-out/>
  <testcase name="TC37" time="38.489" classname="Salesforce.TestCases.RandomTests"/>
  <system-out/>
  <testcase name="TC34" time="20.076" classname="Salesforce.TestCases.RandomTests"/>
  <system-out/>
  <testcase name="TC33" time="12.088" classname="Salesforce.TestCases.RandomTests"/>
  <system-out/>
  <testcase name="TC36" time="30.232" classname="Salesforce.TestCases.RandomTests"/>
  <system-out/>
</testsuite> <!-- Salesforce.TestCases.RandomTests -->
