<?xml version="1.0" encoding="UTF-8"?>
<!-- Generated by org.testng.reporters.JUnitReportReporter -->
<testsuite skipped="0" hostname="DESKTOP-VAGFE70" name="Salesforce.TestCases.ContactTests" tests="8" failures="0" timestamp="2023-04-06T21:19:10 EDT" time="124.795" errors="0">
  <testcase name="TC26Newview" time="15.524" classname="Salesforce.TestCases.ContactTests"/>
  <system-out/>
  <testcase name="TC32errornewview" time="14.885" classname="Salesforce.TestCases.ContactTests"/>
  <system-out/>
  <testcase name="TC28MyContacts" time="13.057" classname="Salesforce.TestCases.ContactTests"/>
  <system-out/>
  <testcase name="TC30errornewview" time="13.650" classname="Salesforce.TestCases.ContactTests"/>
  <system-out/>
  <testcase name="TC25Contacts" time="26.105" classname="Salesforce.TestCases.ContactTests"/>
  <system-out/>
  <testcase name="TC27PipelineReports" time="12.673" classname="Salesforce.TestCases.ContactTests"/>
  <system-out/>
  <testcase name="TC31errornewview" time="14.196" classname="Salesforce.TestCases.ContactTests"/>
  <system-out/>
  <testcase name="TC29viewcontacts" time="14.705" classname="Salesforce.TestCases.ContactTests"/>
  <system-out/>
</testsuite> <!-- Salesforce.TestCases.ContactTests -->
