<?xml version="1.0" encoding="UTF-8"?>
<!-- Generated by org.testng.reporters.JUnitReportReporter -->
<testsuite skipped="0" hostname="DESKTOP-VAGFE70" name="Salesforce.TestCases.AccountTests" tests="5" failures="0" timestamp="2023-04-06T22:23:20 EDT" time="98.556" errors="0">
  <testcase name="TC10NewAccount" time="13.000" classname="Salesforce.TestCases.AccountTests"/>
  <system-out/>
  <testcase name="TC11Createnewview" time="17.564" classname="Salesforce.TestCases.AccountTests"/>
  <system-out/>
  <testcase name="TC14AccountsReport" time="23.594" classname="Salesforce.TestCases.AccountTests"/>
  <system-out/>
  <testcase name="TC12Editview" time="20.766" classname="Salesforce.TestCases.AccountTests"/>
  <system-out/>
  <testcase name="TC13MergeAccounts" time="23.632" classname="Salesforce.TestCases.AccountTests"/>
  <system-out/>
</testsuite> <!-- Salesforce.TestCases.AccountTests -->
