<?xml version="1.0" encoding="UTF-8"?>
<!-- Generated by org.testng.reporters.JUnitReportReporter -->
<testsuite skipped="0" hostname="DESKTOP-VAGFE70" name="Salesforce.TestCases.LeadsTests" tests="5" failures="0" timestamp="2023-04-06T22:38:16 EDT" time="79.998" errors="0">
  <testcase name="TC23Leads" time="15.763" classname="Salesforce.TestCases.LeadsTests"/>
  <system-out/>
  <testcase name="TC21Leads" time="10.269" classname="Salesforce.TestCases.LeadsTests"/>
  <system-out/>
  <testcase name="TC20Leads" time="12.036" classname="Salesforce.TestCases.LeadsTests"/>
  <system-out/>
  <testcase name="TC22Leads" time="22.900" classname="Salesforce.TestCases.LeadsTests"/>
  <system-out/>
  <testcase name="TC24Leads" time="19.030" classname="Salesforce.TestCases.LeadsTests"/>
  <system-out/>
</testsuite> <!-- Salesforce.TestCases.LeadsTests -->
