<?xml version="1.0" encoding="UTF-8"?>
<!-- Generated by org.testng.reporters.JUnitReportReporter -->
<testsuite skipped="0" hostname="DESKTOP-VAGFE70" name="Salesforce.TestCases.UsermenuTests" tests="5" failures="0" timestamp="2023-04-06T22:09:09 EDT" time="140.382" errors="0">
  <testcase name="TC8DeveloperConsole" time="11.250" classname="Salesforce.TestCases.UsermenuTests"/>
  <system-out/>
  <testcase name="TC6MyProfile" time="73.313" classname="Salesforce.TestCases.UsermenuTests"/>
  <system-out/>
  <testcase name="TC7MySettings" time="43.695" classname="Salesforce.TestCases.UsermenuTests"/>
  <system-out/>
  <testcase name="TC5UserMenuDropdown" time="6.676" classname="Salesforce.TestCases.UsermenuTests"/>
  <system-out/>
  <testcase name="TC9Logout" time="5.448" classname="Salesforce.TestCases.UsermenuTests"/>
  <system-out/>
</testsuite> <!-- Salesforce.TestCases.UsermenuTests -->
