<?xml version="1.0" encoding="UTF-8"?>
<!-- Generated by org.testng.reporters.JUnitReportReporter -->
<testsuite skipped="0" hostname="DESKTOP-VAGFE70" name="Salesforce.TestCases.OpportunityTests" tests="5" failures="0" timestamp="2023-04-06T22:33:56 EDT" time="82.260" errors="0">
  <testcase name="TC15Opportunity" time="11.350" classname="Salesforce.TestCases.OpportunityTests"/>
  <system-out/>
  <testcase name="TC18StuckReports" time="10.926" classname="Salesforce.TestCases.OpportunityTests"/>
  <system-out/>
  <testcase name="TC16NewOpportunity" time="32.061" classname="Salesforce.TestCases.OpportunityTests"/>
  <system-out/>
  <testcase name="TC19QSummaryReports" time="15.698" classname="Salesforce.TestCases.OpportunityTests"/>
  <system-out/>
  <testcase name="TC17PipelineReports" time="12.225" classname="Salesforce.TestCases.OpportunityTests"/>
  <system-out/>
</testsuite> <!-- Salesforce.TestCases.OpportunityTests -->
